<?xml version="1.0" encoding="UTF-8"?>
<!-- Generated by org.testng.reporters.JUnitReportReporter -->
<testsuite hostname="DESKTOP-S0OMM8K" failures="0" tests="2" name="parameterization.ParameterizationWithDataProvider" time="44.095" errors="0" timestamp="2023-09-27T20:45:09 IST" skipped="0">
  <testcase classname="parameterization.ParameterizationWithDataProvider" name="verifyGoogleWebsite" time="26.496"/>
  <testcase classname="parameterization.ParameterizationWithDataProvider" name="verifyGoogleWebsite" time="17.599"/>
</testsuite> <!-- parameterization.ParameterizationWithDataProvider -->
